2024-12-09 01:23:30.034 | INFO     | __main__:main:59 - Configuration loaded
2024-12-09 01:23:30.036 | INFO     | src.data.loaders.market_data:__init__:10 - Initialized MarketDataLoader with db=src/data/candles.db, table=candles
2024-12-09 01:23:30.036 | INFO     | src.analysis.market_structure:__init__:8 - Initialized MarketStructure with lookback_period=20
2024-12-09 01:23:30.037 | INFO     | src.analysis.volatility:__init__:8 - Initialized VolatilityAnalyzer with atr_period=14
2024-12-09 01:23:30.037 | INFO     | src.analysis.signals:__init__:8 - Initialized SignalGenerator with risk_free_rate=0.05
2024-12-09 01:23:30.038 | INFO     | src.analysis.risk_management:__init__:10 - Initialized RiskManager with capital=100000, max_risk=0.005
2024-12-09 01:23:30.038 | INFO     | src.models.metrics:__init__:8 - Initialized MetricsCalculator
2024-12-09 01:23:30.039 | INFO     | src.analysis.feature_engineering:__init__:9 - Initialized FeatureEngineer
2024-12-09 01:23:30.039 | INFO     | src.models.ml_model:__init__:26 - Initialized MLModel
2024-12-09 01:23:30.039 | INFO     | src.strategy.enhanced_strategy:__init__:19 - Strategy initialized with ML capabilities
2024-12-09 01:23:30.079 | INFO     | src.data.loaders.market_data:get_minute_data:24 - Carregados 8640 registros de 2024-06-01 00:00:00 até 2024-06-30 23:59:59
2024-12-09 01:23:30.081 | INFO     | __main__:main:75 - Loaded 8640 data points
2024-12-09 01:23:30.082 | INFO     | __main__:main:87 - Training ML model...
2024-12-09 01:23:31.022 | INFO     | src.models.ml_model:prepare_features:51 - Prepared 4 samples with 6 features
2024-12-09 01:23:31.024 | ERROR    | src.models.ml_model:train:64 - Insufficient data for training
2024-12-09 01:23:31.025 | INFO     | src.strategy.enhanced_strategy:train_ml_model:84 - ML model training completed
2024-12-09 01:23:31.025 | INFO     | __main__:main:94 - Running strategy on test data...
2024-12-09 01:23:31.026 | INFO     | src.strategy.enhanced_strategy:run:42 - Starting strategy execution with ML
2024-12-09 01:23:31.271 | ERROR    | src.models.ml_model:predict:111 - Model not trained yet
2024-12-09 01:23:31.280 | INFO     | src.strategy.enhanced_strategy:_log_performance_metrics:186 - Strategy Performance:
2024-12-09 01:23:31.280 | INFO     | src.strategy.enhanced_strategy:_log_performance_metrics:191 - ml_traditional_agreement: 0
2024-12-09 01:23:31.281 | INFO     | src.strategy.enhanced_strategy:_log_performance_metrics:191 - ml_accuracy: 0
2024-12-09 01:23:31.282 | INFO     | src.strategy.enhanced_strategy:_log_performance_metrics:191 - ml_contribution: 0
2024-12-09 01:23:31.282 | INFO     | __main__:main:99 - 
Strategy Performance:
2024-12-09 01:23:31.283 | INFO     | __main__:main:104 - ml_traditional_agreement: 0
2024-12-09 01:23:31.283 | INFO     | __main__:main:104 - ml_accuracy: 0
2024-12-09 01:23:31.284 | INFO     | __main__:main:104 - ml_contribution: 0
2024-12-09 01:23:31.290 | INFO     | __main__:save_results:38 - Results saved to output
2024-12-09 01:23:31.291 | INFO     | __main__:save_results:39 - Results file: test_backtest_results_20240629.csv
2024-12-09 01:23:31.292 | INFO     | __main__:save_results:40 - Metrics file: test_backtest_metrics_20240629.csv
