2024-12-09 10:04:16.232 | INFO     | __main__:main:59 - Configuration loaded
2024-12-09 10:04:16.234 | INFO     | src.data.loaders.market_data:__init__:10 - Initialized MarketDataLoader with db=src/data/candles.db, table=candles
2024-12-09 10:04:16.235 | INFO     | src.analysis.market_structure:__init__:8 - Initialized MarketStructure with lookback_period=20
2024-12-09 10:04:16.235 | INFO     | src.analysis.volatility:__init__:8 - Initialized VolatilityAnalyzer with atr_period=14
2024-12-09 10:04:16.236 | INFO     | src.analysis.signals:__init__:8 - Initialized SignalGenerator with risk_free_rate=0.05
2024-12-09 10:04:16.236 | INFO     | src.analysis.risk_management:__init__:10 - Initialized RiskManager with capital=100000, max_risk=0.005
2024-12-09 10:04:16.242 | INFO     | src.models.metrics:__init__:8 - Initialized MetricsCalculator
2024-12-09 10:04:16.243 | INFO     | src.analysis.feature_engineering:__init__:9 - Initialized FeatureEngineer
2024-12-09 10:04:16.243 | INFO     | src.models.ml_model:__init__:26 - Initialized MLModel
2024-12-09 10:04:16.244 | INFO     | src.strategy.enhanced_strategy:__init__:19 - Strategy initialized with ML capabilities
2024-12-09 10:04:16.363 | INFO     | src.data.loaders.market_data:get_minute_data:24 - Carregados 35136 registros de 2024-06-01 00:00:00 até 2024-09-30 23:59:59
2024-12-09 10:04:16.368 | INFO     | __main__:main:75 - Loaded 35136 data points
2024-12-09 10:04:16.369 | INFO     | __main__:main:87 - Training ML model...
2024-12-09 10:04:19.959 | INFO     | src.strategy.enhanced_strategy:prepare_data:48 - Market structure analysis completed
2024-12-09 10:04:19.970 | INFO     | src.strategy.enhanced_strategy:prepare_data:52 - Volatility analysis completed
2024-12-09 10:04:20.082 | INFO     | src.strategy.enhanced_strategy:prepare_data:56 - Signal generation completed
2024-12-09 10:04:20.097 | INFO     | src.analysis.feature_engineering:create_features:38 - Created features: ['open', 'high', 'low', 'close', 'volume', 'sma_20', 'sma_50', 'trend_direction', 'swing_high', 'swing_low', 'price_position', 'atr', 'returns', 'historical_volatility', 'basis', 'upper_band', 'lower_band', 'rsi', 'macd', 'signal_line', 'macd_hist', 'volume_ratio', 'volume_trend', 'atr_ratio', 'price_sma20_ratio', 'price_sma50_ratio', 'signal', 'entry_price', 'entry_time', 'roc_5', 'roc_10', 'roc_20', 'volatility_5', 'volatility_10', 'volatility_20', 'volume_momentum', 'volume_roc', 'volume_ma_ratio', 'sma_10', 'price_sma10_ratio', 'trend_short', 'trend_long', 'price_momentum', 'trend_strength']
2024-12-09 10:04:20.099 | INFO     | src.strategy.enhanced_strategy:prepare_data:60 - Feature engineering completed
2024-12-09 10:04:20.099 | INFO     | src.strategy.enhanced_strategy:train_ml_model:106 - Prepared 28108 samples for training
2024-12-09 10:04:20.100 | INFO     | src.strategy.enhanced_strategy:train_ml_model:107 - Available features: ['open', 'high', 'low', 'close', 'volume', 'sma_20', 'sma_50', 'trend_direction', 'swing_high', 'swing_low', 'price_position', 'atr', 'returns', 'historical_volatility', 'basis', 'upper_band', 'lower_band', 'rsi', 'macd', 'signal_line', 'macd_hist', 'volume_ratio', 'volume_trend', 'atr_ratio', 'price_sma20_ratio', 'price_sma50_ratio', 'signal', 'entry_price', 'entry_time', 'roc_5', 'roc_10', 'roc_20', 'volatility_5', 'volatility_10', 'volatility_20', 'volume_momentum', 'volume_roc', 'volume_ma_ratio', 'sma_10', 'price_sma10_ratio', 'trend_short', 'trend_long', 'price_momentum', 'trend_strength']
2024-12-09 10:04:20.131 | INFO     | src.models.ml_model:prepare_features:74 - Prepared 28107 samples with 6 features
2024-12-09 10:04:24.036 | INFO     | src.models.ml_model:train:119 - Model training completed. Accuracy: 0.54
2024-12-09 10:04:25.363 | INFO     | src.strategy.enhanced_strategy:train_ml_model:111 - ML model training completed
2024-12-09 10:04:25.367 | INFO     | __main__:main:90 - Training metrics: {'accuracy': 0.5352690008539709, 'precision': 0.6562137213799553, 'recall': 0.5352690008539709, 'f1-score': 0.5585044444266077}
2024-12-09 10:04:25.549 | INFO     | __main__:save_results:38 - Results saved to output
2024-12-09 10:04:25.550 | INFO     | __main__:save_results:39 - Results file: train_backtest_results_20240601.csv
2024-12-09 10:04:25.550 | INFO     | __main__:save_results:40 - Metrics file: train_backtest_metrics_20240601.csv
2024-12-09 10:04:25.551 | INFO     | __main__:main:94 - Running strategy on test data...
2024-12-09 10:04:25.552 | INFO     | src.strategy.enhanced_strategy:run:69 - Starting strategy execution with ML
2024-12-09 10:04:26.418 | INFO     | src.strategy.enhanced_strategy:prepare_data:48 - Market structure analysis completed
2024-12-09 10:04:26.424 | INFO     | src.strategy.enhanced_strategy:prepare_data:52 - Volatility analysis completed
2024-12-09 10:04:26.460 | INFO     | src.strategy.enhanced_strategy:prepare_data:56 - Signal generation completed
2024-12-09 10:04:26.468 | INFO     | src.analysis.feature_engineering:create_features:38 - Created features: ['open', 'high', 'low', 'close', 'volume', 'sma_20', 'sma_50', 'trend_direction', 'swing_high', 'swing_low', 'price_position', 'atr', 'returns', 'historical_volatility', 'basis', 'upper_band', 'lower_band', 'rsi', 'macd', 'signal_line', 'macd_hist', 'volume_ratio', 'volume_trend', 'atr_ratio', 'price_sma20_ratio', 'price_sma50_ratio', 'signal', 'entry_price', 'entry_time', 'roc_5', 'roc_10', 'roc_20', 'volatility_5', 'volatility_10', 'volatility_20', 'volume_momentum', 'volume_roc', 'volume_ma_ratio', 'sma_10', 'price_sma10_ratio', 'trend_short', 'trend_long', 'price_momentum', 'trend_strength']
2024-12-09 10:04:26.470 | INFO     | src.strategy.enhanced_strategy:prepare_data:60 - Feature engineering completed
2024-12-09 10:04:26.579 | INFO     | src.strategy.enhanced_strategy:_log_performance_metrics:186 - Strategy Performance:
2024-12-09 10:04:26.580 | INFO     | src.strategy.enhanced_strategy:_log_performance_metrics:195 - ml_traditional_agreement: 0
2024-12-09 10:04:26.581 | INFO     | src.strategy.enhanced_strategy:_log_performance_metrics:193 - ml_accuracy: 3.10%
2024-12-09 10:04:26.581 | INFO     | src.strategy.enhanced_strategy:_log_performance_metrics:195 - ml_contribution: 0
2024-12-09 10:04:26.582 | INFO     | __main__:main:99 - 
Strategy Performance:
2024-12-09 10:04:26.582 | INFO     | __main__:main:104 - ml_traditional_agreement: 0
2024-12-09 10:04:26.582 | INFO     | __main__:main:102 - ml_accuracy: 3.10%
2024-12-09 10:04:26.583 | INFO     | __main__:main:104 - ml_contribution: 0
2024-12-09 10:04:26.886 | INFO     | __main__:save_results:38 - Results saved to output
2024-12-09 10:04:26.887 | INFO     | __main__:save_results:39 - Results file: test_backtest_results_20240906.csv
2024-12-09 10:04:26.888 | INFO     | __main__:save_results:40 - Metrics file: test_backtest_metrics_20240906.csv
